<?xml version="1.0" encoding="UTF-8"?>
<testsuite xmlns:xsi="http://www.w3.org/2001/XMLSchema-instance" xsi:noNamespaceSchemaLocation="https://maven.apache.org/surefire/maven-surefire-plugin/xsd/surefire-test-report-3.0.xsd" version="3.0" name="edu.byu.cs.sonar.CustomFileReaderTest" time="0.187" tests="6" errors="0" skipped="0" failures="0">
  <properties>
[...]
</properties>
  <testcase name="testReturnThatWord" classname="edu.byu.cs.sonar.CustomFileReaderTest" time="0.103"/>
  <testcase name="testSetNewSentence" classname="edu.byu.cs.sonar.CustomFileReaderTest" time="0.002"/>
  <testcase name="testGetNewSentence" classname="edu.byu.cs.sonar.CustomFileReaderTest" time="0.002"/>
  <testcase name="testEquals" classname="edu.byu.cs.sonar.CustomFileReaderTest" time="0.001"/>
  <testcase name="testHowManyWordsInFile" classname="edu.byu.cs.sonar.CustomFileReaderTest" time="0.004"/>
  <testcase name="testFindNewWord" classname="edu.byu.cs.sonar.CustomFileReaderTest" time="0.016"/>
</testsuite>